TN:
SF:/development/projects/c/kirke/lib/kirke/src/allocator.c
FN:36,allocator__create
FN:61,allocator__destroy
FN:67,allocator__alloc
FN:79,allocator__calloc
FN:94,allocator__realloc
FN:106,allocator__free
FNDA:28,allocator__create
FNDA:22,allocator__realloc
FNDA:27,allocator__destroy
FNDA:32,allocator__free
FNDA:2,allocator__calloc
FNDA:49,allocator__alloc
FNF:6
FNH:6
DA:36,28
DA:43,28
DA:45,28
DA:46,1
DA:47,1
DA:51,27
DA:52,27
DA:53,27
DA:54,27
DA:55,27
DA:58,28
DA:61,27
DA:62,27
DA:63,27
DA:65,27
DA:67,49
DA:68,49
DA:70,49
DA:71,0
DA:72,0
DA:76,49
DA:79,2
DA:80,2
DA:82,2
DA:83,0
DA:84,0
DA:88,2
DA:91,2
DA:94,22
DA:95,22
DA:97,22
DA:98,0
DA:99,0
DA:103,22
DA:106,32
DA:107,32
DA:108,32
LF:37
LH:31
end_of_record
TN:
SF:/development/projects/c/kirke/lib/kirke/src/error.c
FN:11,error__new__format
FN:21,error__new__va_list
FN:36,error__free
FN:42,error__set
FN:56,error__reset
FN:63,error__equals
FNDA:6,error__free
FNDA:7,error__new__va_list
FNDA:3,error__new__format
FNDA:1,error__reset
FNDA:3,error__set
FNDA:2,error__equals
FNF:6
FNH:6
DA:11,3
DA:13,3
DA:15,3
DA:16,3
DA:18,3
DA:21,7
DA:22,7
DA:24,7
DA:25,7
DA:28,7
DA:29,7
DA:31,7
DA:33,7
DA:36,6
DA:37,6
DA:38,6
DA:40,6
DA:42,3
DA:43,3
DA:45,3
DA:46,0
DA:47,0
DA:51,3
DA:52,3
DA:53,3
DA:56,1
DA:57,1
DA:58,1
DA:59,1
DA:61,1
DA:63,2
DA:64,2
DA:65,2
DA:66,2
DA:68,1
DA:71,1
LF:36
LH:34
end_of_record
TN:
SF:/development/projects/c/kirke/lib/kirke/src/io.c
FN:13,io__read_text_file
FN:44,io__read_stdin
FNDA:2,io__read_text_file
FNDA:0,io__read_stdin
FNF:2
FNH:1
DA:13,2
DA:14,2
DA:16,2
DA:17,1
DA:25,1
DA:29,1
DA:30,1
DA:32,1
DA:33,1
DA:35,1
DA:36,1
DA:37,1
DA:39,1
DA:41,1
DA:44,0
DA:45,0
DA:46,0
DA:48,0
DA:55,0
DA:56,0
DA:59,0
LF:21
LH:14
end_of_record
TN:
SF:/development/projects/c/kirke/lib/kirke/src/log.c
FN:15,log__level__to_string
FN:33,log__set_log_level
FN:37,log__log
FNDA:35,log__log
FNDA:50,log__level__to_string
FNDA:5,log__set_log_level
FNF:3
FNH:3
DA:15,50
DA:16,50
DA:17,7
DA:18,7
DA:19,7
DA:20,7
DA:21,8
DA:22,8
DA:23,13
DA:24,13
DA:25,10
DA:26,10
DA:27,5
DA:28,5
DA:29,5
DA:33,5
DA:34,5
DA:35,5
DA:37,35
DA:38,35
DA:39,15
DA:42,20
DA:43,20
DA:46,20
DA:48,20
DA:61,20
DA:62,20
DA:63,20
DA:65,20
LF:29
LH:29
end_of_record
TN:
SF:/development/projects/c/kirke/lib/kirke/src/math.c
FN:7,math__min__long
FN:15,math__max__long
FN:23,math__min__ulong
FN:32,math__max__ulong
FN:41,math__min__ullong
FN:49,math__max__ullong
FN:57,math__nearest_greater_power_of_2__ulong
FNDA:3,math__max__ulong
FNDA:3,math__min__ulong
FNDA:31,math__nearest_greater_power_of_2__ulong
FNDA:24,math__min__ullong
FNDA:3,math__min__long
FNDA:3,math__max__long
FNDA:8,math__max__ullong
FNF:7
FNH:7
DA:7,3
DA:8,3
DA:9,1
DA:12,2
DA:15,3
DA:16,3
DA:17,1
DA:20,2
DA:23,3
DA:24,3
DA:25,1
DA:28,2
DA:32,3
DA:33,3
DA:34,1
DA:37,2
DA:41,24
DA:42,24
DA:43,21
DA:46,3
DA:49,8
DA:50,8
DA:51,3
DA:54,5
DA:57,31
DA:58,31
DA:59,1
DA:62,54
DA:63,24
DA:66,30
LF:30
LH:30
end_of_record
TN:
SF:/development/projects/c/kirke/lib/kirke/src/split_iterator.c
FN:7,split_iterator__count
FN:24,split_iterator__initialize
FN:30,split_iterator__next
FN:50,split_iterator__rest
FNDA:19,split_iterator__next
FNDA:6,split_iterator__count
FNDA:18,split_iterator__rest
FNDA:9,split_iterator__initialize
FNF:4
FNH:4
DA:7,6
DA:8,6
DA:9,6
DA:10,6
DA:14,6
DA:17,14
DA:18,8
DA:21,6
DA:24,9
DA:25,9
DA:26,9
DA:27,9
DA:28,9
DA:30,23
DA:32,23
DA:33,7
DA:36,16
DA:38,16
DA:39,13
DA:42,3
DA:44,16
DA:47,12
DA:50,18
DA:51,18
DA:52,18
DA:53,18
DA:54,18
DA:58,18
DA:59,18
LF:29
LH:29
end_of_record
TN:
SF:/development/projects/c/kirke/lib/kirke/src/string.c
FN:7,chars_are_equal
FN:15,auto_string__maybe_expand
FN:15,string__index_of
FN:15,auto_string__clear
FN:15,auto_string__remove_range
FN:15,auto_string__prepend_elements
FN:15,string__initialize
FN:15,auto_string__remove_index
FN:15,auto_string__insert_elements
FN:15,string__clone
FN:15,auto_string__insert_element
FN:15,auto_string__prepend_element
FN:15,string__clear
FN:15,auto_string__append_elements
FN:15,string__initialize__full
FN:15,string__equals
FN:15,auto_string__remove_index__fast
FN:15,string__clear_elements
FN:15,auto_string__initialize
FN:15,auto_string__append_element
FN:16,auto_array__string__append_elements
FN:16,auto_array__string__insert_elements
FN:16,auto_array__string__remove_index__fast
FN:16,auto_array__string__prepend_elements
FN:16,array__string__clear
FN:16,auto_array__string__remove_range
FN:16,auto_array__string__prepend_element
FN:16,array__string__clear_elements
FN:16,array__string__index_of
FN:16,array__string__initialize
FN:16,array__string__initialize__full
FN:16,auto_array__string__append_element
FN:16,array__string__equals
FN:16,auto_array__string__initialize
FN:16,auto_array__string__insert_element
FN:16,array__string__clone
FN:16,auto_array__string__clear
FN:16,auto_array__string__remove_index
FN:16,auto_array__string__maybe_expand
FN:18,string__initialize__format
FN:27,string__initialize__va_list
FN:37,string__append__format
FN:46,string__append__va_list
FNDA:0,auto_string__prepend_elements
FNDA:18,string__initialize
FNDA:1,string__append__va_list
FNDA:0,auto_array__string__remove_range
FNDA:0,auto_string__insert_elements
FNDA:0,auto_string__remove_index
FNDA:1,string__append__format
FNDA:0,array__string__clear
FNDA:0,auto_array__string__prepend_elements
FNDA:0,auto_array__string__remove_index__fast
FNDA:0,auto_array__string__insert_elements
FNDA:9,string__initialize__format
FNDA:0,auto_string__remove_range
FNDA:17,string__initialize__va_list
FNDA:0,auto_string__clear
FNDA:0,auto_string__maybe_expand
FNDA:16,string__index_of
FNDA:0,auto_array__string__append_elements
FNDA:0,auto_array__string__clear
FNDA:0,auto_array__string__remove_index
FNDA:0,string__clear_elements
FNDA:250,chars_are_equal
FNDA:0,array__string__clone
FNDA:0,auto_string__initialize
FNDA:0,auto_array__string__maybe_expand
FNDA:0,auto_string__append_element
FNDA:0,auto_array__string__append_element
FNDA:0,array__string__equals
FNDA:0,auto_array__string__initialize
FNDA:0,auto_array__string__insert_element
FNDA:62,string__equals
FNDA:0,auto_string__append_elements
FNDA:0,string__initialize__full
FNDA:0,array__string__initialize
FNDA:0,auto_string__remove_index__fast
FNDA:0,array__string__initialize__full
FNDA:0,auto_string__insert_element
FNDA:0,string__clone
FNDA:0,auto_array__string__prepend_element
FNDA:0,array__string__clear_elements
FNDA:4,string__clear
FNDA:0,array__string__index_of
FNDA:0,auto_string__prepend_element
FNF:43
FNH:9
DA:7,250
DA:8,250
DA:9,221
DA:12,29
DA:15,350
DA:16,0
DA:18,9
DA:20,9
DA:22,9
DA:24,9
DA:25,9
DA:27,17
DA:30,17
DA:31,17
DA:33,17
DA:34,17
DA:35,17
DA:37,1
DA:39,1
DA:41,1
DA:43,1
DA:44,1
DA:46,1
DA:48,1
DA:51,1
DA:53,1
DA:54,1
DA:55,1
DA:58,1
DA:59,1
LF:30
LH:29
end_of_record
TN:
SF:/development/projects/c/kirke/lib/kirke/src/system_allocator.c
FN:10,system_allocator__alloc
FN:15,system_allocator__realloc
FN:20,system_allocator__free
FN:25,system_allocator__out_of_memory
FN:33,system_allocator__initialize
FN:45,system_allocator__deinitialize
FNDA:23,system_allocator__initialize
FNDA:52,system_allocator__free
FNDA:0,system_allocator__out_of_memory
FNDA:21,system_allocator__realloc
FNDA:71,system_allocator__alloc
FNDA:23,system_allocator__deinitialize
FNF:6
FNH:5
DA:10,71
DA:12,71
DA:15,21
DA:17,21
DA:20,52
DA:22,52
DA:23,52
DA:25,0
DA:26,0
DA:28,0
DA:29,0
DA:31,0
DA:33,23
DA:34,23
DA:42,23
DA:43,23
DA:45,23
DA:46,23
DA:47,23
DA:48,23
DA:50,23
LF:21
LH:16
end_of_record
