TN:
SF:/development/projects/c/kirke/lib/kirke/src/allocator.c
FN:16,allocator__create
FN:41,allocator__destroy
FN:47,allocator__alloc
FN:59,allocator__calloc
FN:74,allocator__realloc
FN:86,allocator__free
FNDA:37,allocator__free
FNDA:13,allocator__calloc
FNDA:19,allocator__realloc
FNDA:18,allocator__create
FNDA:17,allocator__destroy
FNDA:24,allocator__alloc
FNF:6
FNH:6
DA:16,18
DA:23,18
DA:25,18
DA:26,1
DA:27,1
DA:31,17
DA:32,17
DA:33,17
DA:34,17
DA:35,17
DA:38,18
DA:41,17
DA:42,17
DA:43,17
DA:45,17
DA:47,24
DA:48,24
DA:50,24
DA:51,0
DA:52,0
DA:56,24
DA:59,13
DA:60,13
DA:62,13
DA:63,0
DA:64,0
DA:68,13
DA:71,13
DA:74,19
DA:75,19
DA:77,19
DA:78,0
DA:79,0
DA:83,19
DA:86,37
DA:87,37
DA:88,37
LF:37
LH:31
end_of_record
TN:
SF:/development/projects/c/kirke/lib/kirke/src/auto_slice.c
FN:17,auto_slice__maybe_expand
FN:28,auto_slice__new
FN:37,auto_slice__free
FN:42,auto_slice__append_elements
FN:57,auto_slice__prepend_elements
FN:79,auto_slice__insert_elements
FN:111,auto_slice__remove_range
FN:125,auto_slice__remove_index
FN:140,auto_slice__remove_index__fast
FNDA:4,auto_slice__remove_index__fast
FNDA:7,auto_slice__free
FNDA:7,auto_slice__insert_elements
FNDA:7,auto_slice__new
FNDA:3,auto_slice__remove_range
FNDA:209,auto_slice__maybe_expand
FNDA:201,auto_slice__append_elements
FNDA:5,auto_slice__prepend_elements
FNDA:4,auto_slice__remove_index
FNF:9
FNH:9
DA:17,209
DA:18,209
DA:19,18
DA:21,18
DA:22,18
DA:24,18
DA:26,209
DA:28,7
DA:29,7
DA:31,7
DA:32,7
DA:34,7
DA:37,7
DA:38,7
DA:39,7
DA:40,7
DA:42,201
DA:43,201
DA:44,201
DA:46,201
DA:48,201
DA:49,201
DA:51,201
DA:54,201
DA:57,5
DA:58,5
DA:59,5
DA:61,3
DA:64,3
DA:65,3
DA:66,3
DA:67,3
DA:70,3
DA:71,3
DA:73,3
DA:76,3
DA:79,7
DA:85,7
DA:86,7
DA:89,5
DA:91,5
DA:94,5
DA:95,2
DA:96,2
DA:97,2
DA:98,2
DA:102,5
DA:103,5
DA:105,5
DA:108,5
DA:111,3
DA:112,3
DA:113,3
DA:114,3
DA:116,3
DA:117,3
DA:118,3
DA:119,3
DA:122,3
DA:125,4
DA:126,4
DA:127,4
DA:129,4
DA:130,4
DA:131,4
DA:132,4
DA:133,4
DA:137,4
DA:140,4
DA:141,4
DA:142,4
DA:144,4
DA:145,4
DA:146,4
DA:147,4
DA:148,4
DA:152,4
LF:77
LH:77
end_of_record
TN:
SF:/development/projects/c/kirke/lib/kirke/src/math.c
FN:7,math__min__long
FN:15,math__max__long
FN:23,math__min__ulong
FN:32,math__max__ulong
FN:41,math__min__ulonglong
FN:49,math__max__ulonglong
FN:57,math__nearest_greater_power_of_2__ulong
FNDA:3,math__max__long
FNDA:29,math__nearest_greater_power_of_2__ulong
FNDA:3,math__min__ulonglong
FNDA:3,math__max__ulong
FNDA:8,math__max__ulonglong
FNDA:3,math__min__long
FNDA:3,math__min__ulong
FNF:7
FNH:7
DA:7,3
DA:8,3
DA:9,1
DA:12,2
DA:15,3
DA:16,3
DA:17,1
DA:20,2
DA:23,3
DA:24,3
DA:25,1
DA:28,2
DA:32,3
DA:33,3
DA:34,1
DA:37,2
DA:41,3
DA:42,3
DA:43,1
DA:46,2
DA:49,8
DA:50,8
DA:51,3
DA:54,5
DA:57,29
DA:58,29
DA:59,1
DA:62,68
DA:63,40
DA:66,28
LF:30
LH:30
end_of_record
TN:
SF:/development/projects/c/kirke/lib/kirke/src/slice.c
FN:8,slice__new
FN:19,slice__new__steal
FN:29,slice__copy
FN:37,slice__free
FN:45,slice__free__full
FN:55,slice__clear_elements
FN:63,slice__equals
FNDA:18,slice__clear_elements
FNDA:1,slice__free__full
FNDA:1,slice__new__steal
FNDA:12,slice__free
FNDA:11,slice__new
FNDA:15,slice__equals
FNDA:1,slice__copy
FNF:7
FNH:7
DA:8,11
DA:9,11
DA:11,11
DA:12,11
DA:13,11
DA:14,11
DA:16,11
DA:19,1
DA:20,1
DA:21,1
DA:22,1
DA:23,1
DA:24,1
DA:26,1
DA:29,1
DA:30,1
DA:31,1
DA:32,1
DA:34,1
DA:37,12
DA:38,12
DA:39,12
DA:42,12
DA:43,12
DA:45,1
DA:46,1
DA:47,11
DA:48,10
DA:52,1
DA:53,1
DA:55,18
DA:56,18
DA:57,18
DA:59,18
DA:61,18
DA:63,15
DA:64,15
DA:65,15
DA:66,15
DA:67,15
DA:69,14
DA:72,1
LF:42
LH:42
end_of_record
TN:
SF:/development/projects/c/kirke/lib/kirke/src/system_allocator.c
FN:10,system_allocator__alloc
FN:14,system_allocator__realloc
FN:18,system_allocator__free
FN:22,system_allocator__out_of_memory
FN:30,system_allocator__init
FN:42,system_allocator__deinit
FNDA:13,system_allocator__deinit
FNDA:0,system_allocator__out_of_memory
FNDA:47,system_allocator__free
FNDA:47,system_allocator__alloc
FNDA:18,system_allocator__realloc
FNDA:13,system_allocator__init
FNF:6
FNH:5
DA:10,47
DA:11,47
DA:14,18
DA:15,18
DA:18,47
DA:19,47
DA:20,47
DA:22,0
DA:23,0
DA:25,0
DA:26,0
DA:28,0
DA:30,13
DA:31,13
DA:39,13
DA:40,13
DA:42,13
DA:43,13
DA:44,13
DA:45,13
DA:47,13
LF:21
LH:16
end_of_record
